<?xml version="1.0" encoding="UTF-8"?>
<testsuite xmlns:xsi="http://www.w3.org/2001/XMLSchema-instance" xsi:noNamespaceSchemaLocation="https://maven.apache.org/surefire/maven-surefire-plugin/xsd/surefire-test-report.xsd" name="steps_definition.RunCukesTest1" time="5.396" tests="0" errors="0" skipped="0" failures="0">
  <properties>
    <property name="gopherProxySet" value="false"/>
    <property name="awt.toolkit" value="sun.lwawt.macosx.LWCToolkit"/>
    <property name="file.encoding.pkg" value="sun.io"/>
    <property name="java.specification.version" value="1.8"/>
    <property name="sun.cpu.isalist" value=""/>
    <property name="sun.jnu.encoding" value="UTF-8"/>
    <property name="java.class.path" value="/Users/xuyenauto/Documents/Xuyen/Build framework/target/test-classes:/Users/xuyenauto/Documents/Xuyen/Build framework/target/classes:/Users/xuyenauto/.m2/repository/io/github/bonigarcia/webdrivermanager/1.6.2/webdrivermanager-1.6.2.jar:/Users/xuyenauto/.m2/repository/org/slf4j/slf4j-api/1.7.24/slf4j-api-1.7.24.jar:/Users/xuyenauto/.m2/repository/commons-io/commons-io/2.5/commons-io-2.5.jar:/Users/xuyenauto/.m2/repository/com/typesafe/config/1.2.1/config-1.2.1.jar:/Users/xuyenauto/.m2/repository/org/apache/commons/commons-lang3/3.5/commons-lang3-3.5.jar:/Users/xuyenauto/.m2/repository/org/rauschig/jarchivelib/0.7.1/jarchivelib-0.7.1.jar:/Users/xuyenauto/.m2/repository/org/apache/commons/commons-compress/1.9/commons-compress-1.9.jar:/Users/xuyenauto/.m2/repository/org/jsoup/jsoup/1.10.2/jsoup-1.10.2.jar:/Users/xuyenauto/.m2/repository/com/google/guava/guava/21.0/guava-21.0.jar:/Users/xuyenauto/.m2/repository/commons-codec/commons-codec/1.10/commons-codec-1.10.jar:/Users/xuyenauto/.m2/repository/org/assertj/assertj-core/3.8.0/assertj-core-3.8.0.jar:/Users/xuyenauto/.m2/repository/org/assertj/assertj-db/1.2.0/assertj-db-1.2.0.jar:/Users/xuyenauto/.m2/repository/info/cukes/cucumber-java/1.2.5/cucumber-java-1.2.5.jar:/Users/xuyenauto/.m2/repository/info/cukes/cucumber-core/1.2.5/cucumber-core-1.2.5.jar:/Users/xuyenauto/.m2/repository/info/cukes/cucumber-html/0.2.3/cucumber-html-0.2.3.jar:/Users/xuyenauto/.m2/repository/info/cukes/cucumber-jvm-deps/1.0.5/cucumber-jvm-deps-1.0.5.jar:/Users/xuyenauto/.m2/repository/info/cukes/gherkin/2.12.2/gherkin-2.12.2.jar:/Users/xuyenauto/.m2/repository/info/cukes/cucumber-testng/1.2.5/cucumber-testng-1.2.5.jar:/Users/xuyenauto/.m2/repository/org/seleniumhq/selenium/selenium-java/3.4.0/selenium-java-3.4.0.jar:/Users/xuyenauto/.m2/repository/org/seleniumhq/selenium/selenium-api/3.4.0/selenium-api-3.4.0.jar:/Users/xuyenauto/.m2/repository/org/seleniumhq/selenium/selenium-chrome-driver/3.4.0/selenium-chrome-driver-3.4.0.jar:/Users/xuyenauto/.m2/repository/org/seleniumhq/selenium/selenium-edge-driver/3.4.0/selenium-edge-driver-3.4.0.jar:/Users/xuyenauto/.m2/repository/org/seleniumhq/selenium/selenium-firefox-driver/3.4.0/selenium-firefox-driver-3.4.0.jar:/Users/xuyenauto/.m2/repository/org/seleniumhq/selenium/selenium-ie-driver/3.4.0/selenium-ie-driver-3.4.0.jar:/Users/xuyenauto/.m2/repository/org/seleniumhq/selenium/selenium-opera-driver/3.4.0/selenium-opera-driver-3.4.0.jar:/Users/xuyenauto/.m2/repository/org/seleniumhq/selenium/selenium-remote-driver/3.4.0/selenium-remote-driver-3.4.0.jar:/Users/xuyenauto/.m2/repository/org/seleniumhq/selenium/selenium-safari-driver/3.4.0/selenium-safari-driver-3.4.0.jar:/Users/xuyenauto/.m2/repository/org/seleniumhq/selenium/selenium-support/3.4.0/selenium-support-3.4.0.jar:/Users/xuyenauto/.m2/repository/cglib/cglib-nodep/3.2.4/cglib-nodep-3.2.4.jar:/Users/xuyenauto/.m2/repository/org/apache/commons/commons-exec/1.3/commons-exec-1.3.jar:/Users/xuyenauto/.m2/repository/commons-logging/commons-logging/1.2/commons-logging-1.2.jar:/Users/xuyenauto/.m2/repository/org/w3c/css/sac/1.3/sac-1.3.jar:/Users/xuyenauto/.m2/repository/net/sourceforge/cssparser/cssparser/0.9.22/cssparser-0.9.22.jar:/Users/xuyenauto/.m2/repository/org/hamcrest/hamcrest-core/1.3/hamcrest-core-1.3.jar:/Users/xuyenauto/.m2/repository/net/sourceforge/htmlunit/htmlunit/2.26/htmlunit-2.26.jar:/Users/xuyenauto/.m2/repository/net/sourceforge/htmlunit/htmlunit-core-js/2.26/htmlunit-core-js-2.26.jar:/Users/xuyenauto/.m2/repository/net/sourceforge/htmlunit/neko-htmlunit/2.25/neko-htmlunit-2.25.jar:/Users/xuyenauto/.m2/repository/org/apache/httpcomponents/httpcore/4.4.6/httpcore-4.4.6.jar:/Users/xuyenauto/.m2/repository/org/apache/httpcomponents/httpmime/4.5.3/httpmime-4.5.3.jar:/Users/xuyenauto/.m2/repository/org/eclipse/jetty/jetty-io/9.4.1.v20170120/jetty-io-9.4.1.v20170120.jar:/Users/xuyenauto/.m2/repository/org/eclipse/jetty/jetty-util/9.4.1.v20170120/jetty-util-9.4.1.v20170120.jar:/Users/xuyenauto/.m2/repository/net/java/dev/jna/jna/4.1.0/jna-4.1.0.jar:/Users/xuyenauto/.m2/repository/net/java/dev/jna/jna-platform/4.1.0/jna-platform-4.1.0.jar:/Users/xuyenauto/.m2/repository/com/codeborne/phantomjsdriver/1.4.0/phantomjsdriver-1.4.0.jar:/Users/xuyenauto/.m2/repository/org/seleniumhq/selenium/htmlunit-driver/2.26/htmlunit-driver-2.26.jar:/Users/xuyenauto/.m2/repository/javax/servlet/javax.servlet-api/3.1.0/javax.servlet-api-3.1.0.jar:/Users/xuyenauto/.m2/repository/org/eclipse/jetty/websocket/websocket-api/9.4.3.v20170317/websocket-api-9.4.3.v20170317.jar:/Users/xuyenauto/.m2/repository/org/eclipse/jetty/websocket/websocket-client/9.4.3.v20170317/websocket-client-9.4.3.v20170317.jar:/Users/xuyenauto/.m2/repository/org/eclipse/jetty/jetty-client/9.4.3.v20170317/jetty-client-9.4.3.v20170317.jar:/Users/xuyenauto/.m2/repository/org/eclipse/jetty/jetty-http/9.4.3.v20170317/jetty-http-9.4.3.v20170317.jar:/Users/xuyenauto/.m2/repository/org/eclipse/jetty/websocket/websocket-common/9.4.3.v20170317/websocket-common-9.4.3.v20170317.jar:/Users/xuyenauto/.m2/repository/xalan/serializer/2.7.2/serializer-2.7.2.jar:/Users/xuyenauto/.m2/repository/xalan/xalan/2.7.2/xalan-2.7.2.jar:/Users/xuyenauto/.m2/repository/xerces/xercesImpl/2.11.0/xercesImpl-2.11.0.jar:/Users/xuyenauto/.m2/repository/org/testng/testng/6.11/testng-6.11.jar:/Users/xuyenauto/.m2/repository/com/beust/jcommander/1.64/jcommander-1.64.jar:/Users/xuyenauto/.m2/repository/org/yaml/snakeyaml/1.17/snakeyaml-1.17.jar:/Users/xuyenauto/.m2/repository/log4j/log4j/1.2.17/log4j-1.2.17.jar:/Users/xuyenauto/.m2/repository/com/jayway/restassured/rest-assured/2.9.1-SNAPSHOT/rest-assured-2.9.1-SNAPSHOT.jar:/Users/xuyenauto/.m2/repository/org/codehaus/groovy/groovy/2.4.6/groovy-2.4.6.jar:/Users/xuyenauto/.m2/repository/org/codehaus/groovy/groovy-xml/2.4.6/groovy-xml-2.4.6.jar:/Users/xuyenauto/.m2/repository/org/hamcrest/hamcrest-library/1.3/hamcrest-library-1.3.jar:/Users/xuyenauto/.m2/repository/org/ccil/cowan/tagsoup/tagsoup/1.2.1/tagsoup-1.2.1.jar:/Users/xuyenauto/.m2/repository/com/jayway/restassured/json-path/2.9.1-SNAPSHOT/json-path-2.9.1-SNAPSHOT.jar:/Users/xuyenauto/.m2/repository/org/codehaus/groovy/groovy-json/2.4.6/groovy-json-2.4.6.jar:/Users/xuyenauto/.m2/repository/com/jayway/restassured/rest-assured-common/2.9.1-SNAPSHOT/rest-assured-common-2.9.1-SNAPSHOT.jar:/Users/xuyenauto/.m2/repository/com/jayway/restassured/xml-path/2.9.1-SNAPSHOT/xml-path-2.9.1-SNAPSHOT.jar:/Users/xuyenauto/.m2/repository/net/masterthought/cucumber-reporting/3.10.0/cucumber-reporting-3.10.0.jar:/Users/xuyenauto/.m2/repository/org/apache/logging/log4j/log4j-api/2.8.2/log4j-api-2.8.2.jar:/Users/xuyenauto/.m2/repository/org/apache/logging/log4j/log4j-core/2.8.2/log4j-core-2.8.2.jar:/Users/xuyenauto/.m2/repository/org/apache/velocity/velocity/1.7/velocity-1.7.jar:/Users/xuyenauto/.m2/repository/commons-collections/commons-collections/3.2.1/commons-collections-3.2.1.jar:/Users/xuyenauto/.m2/repository/commons-lang/commons-lang/2.4/commons-lang-2.4.jar:/Users/xuyenauto/.m2/repository/velocity-tools/velocity-tools/1.4/velocity-tools-1.4.jar:/Users/xuyenauto/.m2/repository/joda-time/joda-time/2.9.9/joda-time-2.9.9.jar:/Users/xuyenauto/.m2/repository/net/lingala/zip4j/zip4j/1.3.2/zip4j-1.3.2.jar:/Users/xuyenauto/.m2/repository/org/codehaus/plexus/plexus-utils/3.0.24/plexus-utils-3.0.24.jar:/Users/xuyenauto/.m2/repository/com/googlecode/owasp-java-html-sanitizer/owasp-java-html-sanitizer/20170515.1/owasp-java-html-sanitizer-20170515.1.jar:/Users/xuyenauto/.m2/repository/com/googlecode/json-simple/json-simple/1.1.1/json-simple-1.1.1.jar:/Users/xuyenauto/.m2/repository/org/codehaus/jackson/jackson-mapper-asl/1.9.13/jackson-mapper-asl-1.9.13.jar:/Users/xuyenauto/.m2/repository/org/codehaus/jackson/jackson-core-asl/1.9.13/jackson-core-asl-1.9.13.jar:/Users/xuyenauto/.m2/repository/com/fasterxml/jackson/core/jackson-databind/2.4.6/jackson-databind-2.4.6.jar:/Users/xuyenauto/.m2/repository/com/fasterxml/jackson/core/jackson-annotations/2.4.0/jackson-annotations-2.4.0.jar:/Users/xuyenauto/.m2/repository/com/fasterxml/jackson/core/jackson-core/2.4.6/jackson-core-2.4.6.jar:/Users/xuyenauto/.m2/repository/com/google/code/gson/gson/2.8.1/gson-2.8.1.jar:/Users/xuyenauto/.m2/repository/junit/junit/4.11/junit-4.11.jar:/Users/xuyenauto/.m2/repository/com/buschmais/jqassistant/scm/jqassistant-maven-plugin/1.2.0-SNAPSHOT/jqassistant-maven-plugin-1.2.0-SNAPSHOT.jar:/Users/xuyenauto/.m2/repository/com/buschmais/jqassistant/core/jqassistant.core.report/1.2.0-SNAPSHOT/jqassistant.core.report-1.2.0-SNAPSHOT.jar:/Users/xuyenauto/.m2/repository/com/buschmais/jqassistant/core/jqassistant.core.analysis/1.2.0-SNAPSHOT/jqassistant.core.analysis-1.2.0-SNAPSHOT.jar:/Users/xuyenauto/.m2/repository/com/buschmais/jqassistant/core/jqassistant.core.shared/1.2.0-SNAPSHOT/jqassistant.core.shared-1.2.0-SNAPSHOT.jar:/Users/xuyenauto/.m2/repository/org/asciidoctor/asciidoctorj/1.5.4/asciidoctorj-1.5.4.jar:/Users/xuyenauto/.m2/repository/org/jruby/jruby-core/9.0.5.0/jruby-core-9.0.5.0.jar:/Users/xuyenauto/.m2/repository/com/github/jnr/jnr-netdb/1.1.5/jnr-netdb-1.1.5.jar:/Users/xuyenauto/.m2/repository/com/github/jnr/jnr-enxio/0.10/jnr-enxio-0.10.jar:/Users/xuyenauto/.m2/repository/com/github/jnr/jnr-x86asm/1.0.2/jnr-x86asm-1.0.2.jar:/Users/xuyenauto/.m2/repository/com/github/jnr/jnr-unixsocket/0.10/jnr-unixsocket-0.10.jar:/Users/xuyenauto/.m2/repository/com/github/jnr/jnr-posix/3.0.27/jnr-posix-3.0.27.jar:/Users/xuyenauto/.m2/repository/com/github/jnr/jnr-constants/0.9.0/jnr-constants-0.9.0.jar:/Users/xuyenauto/.m2/repository/com/github/jnr/jffi/1.2.10/jffi-1.2.10.jar:/Users/xuyenauto/.m2/repository/com/github/jnr/jffi/1.2.10/jffi-1.2.10-native.jar:/Users/xuyenauto/.m2/repository/org/jruby/joni/joni/2.1.9/joni-2.1.9.jar:/Users/xuyenauto/.m2/repository/org/jruby/extras/bytelist/1.0.13/bytelist-1.0.13.jar:/Users/xuyenauto/.m2/repository/org/jruby/jcodings/jcodings/1.0.17/jcodings-1.0.17.jar:/Users/xuyenauto/.m2/repository/org/jruby/dirgra/0.3/dirgra-0.3.jar:/Users/xuyenauto/.m2/repository/com/headius/invokebinder/1.7/invokebinder-1.7.jar:/Users/xuyenauto/.m2/repository/com/headius/options/1.4/options-1.4.jar:/Users/xuyenauto/.m2/repository/com/jcraft/jzlib/1.1.3/jzlib-1.1.3.jar:/Users/xuyenauto/.m2/repository/com/martiansoftware/nailgun-server/0.9.1/nailgun-server-0.9.1.jar:/Users/xuyenauto/.m2/repository/org/jruby/jruby-stdlib/9.0.5.0/jruby-stdlib-9.0.5.0.jar:/Users/xuyenauto/.m2/repository/org/ow2/asm/asm-analysis/5.1/asm-analysis-5.1.jar:/Users/xuyenauto/.m2/repository/org/ow2/asm/asm-commons/5.1/asm-commons-5.1.jar:/Users/xuyenauto/.m2/repository/com/sun/xml/bind/jaxb-impl/2.2.8-b01/jaxb-impl-2.2.8-b01.jar:/Users/xuyenauto/.m2/repository/com/sun/xml/bind/jaxb-core/2.2.8-b01/jaxb-core-2.2.8-b01.jar:/Users/xuyenauto/.m2/repository/javax/xml/bind/jaxb-api/2.2.9/jaxb-api-2.2.9.jar:/Users/xuyenauto/.m2/repository/com/sun/istack/istack-commons-runtime/2.16/istack-commons-runtime-2.16.jar:/Users/xuyenauto/.m2/repository/com/sun/xml/fastinfoset/FastInfoset/1.2.12/FastInfoset-1.2.12.jar:/Users/xuyenauto/.m2/repository/com/buschmais/jqassistant/core/jqassistant.core.plugin/1.2.0-SNAPSHOT/jqassistant.core.plugin-1.2.0-SNAPSHOT.jar:/Users/xuyenauto/.m2/repository/com/buschmais/jqassistant/core/jqassistant.core.scanner/1.2.0-SNAPSHOT/jqassistant.core.scanner-1.2.0-SNAPSHOT.jar:/Users/xuyenauto/.m2/repository/com/buschmais/jqassistant/scm/jqassistant.scm.neo4jserver/1.2.0-SNAPSHOT/jqassistant.scm.neo4jserver-1.2.0-SNAPSHOT.jar:/Users/xuyenauto/.m2/repository/com/buschmais/jqassistant/scm/jqassistant.scm.common/1.2.0-SNAPSHOT/jqassistant.scm.common-1.2.0-SNAPSHOT.jar:/Users/xuyenauto/.m2/repository/org/neo4j/app/neo4j-server/2.3.3/neo4j-server-2.3.3.jar:/Users/xuyenauto/.m2/repository/org/neo4j/neo4j-lucene-index/2.3.3/neo4j-lucene-index-2.3.3.jar:/Users/xuyenauto/.m2/repository/org/apache/lucene/lucene-core/3.6.2/lucene-core-3.6.2.jar:/Users/xuyenauto/.m2/repository/org/neo4j/neo4j-graph-algo/2.3.3/neo4j-graph-algo-2.3.3.jar:/Users/xuyenauto/.m2/repository/org/neo4j/neo4j-udc/2.3.3/neo4j-udc-2.3.3.jar:/Users/xuyenauto/.m2/repository/org/neo4j/neo4j-graph-matching/2.3.3/neo4j-graph-matching-2.3.3.jar:/Users/xuyenauto/.m2/repository/org/neo4j/neo4j-jmx/2.3.3/neo4j-jmx-2.3.3.jar:/Users/xuyenauto/.m2/repository/org/neo4j/neo4j-consistency-check/2.3.3/neo4j-consistency-check-2.3.3.jar:/Users/xuyenauto/.m2/repository/org/neo4j/neo4j-consistency-check-legacy/2.3.3/neo4j-consistency-check-legacy-2.3.3.jar:/Users/xuyenauto/.m2/repository/org/neo4j/neo4j-kernel/2.3.3/neo4j-kernel-2.3.3.jar:/Users/xuyenauto/.m2/repository/org/neo4j/neo4j-primitive-collections/2.3.3/neo4j-primitive-collections-2.3.3.jar:/Users/xuyenauto/.m2/repository/org/neo4j/neo4j-unsafe/2.3.3/neo4j-unsafe-2.3.3.jar:/Users/xuyenauto/.m2/repository/org/neo4j/neo4j-function/2.3.3/neo4j-function-2.3.3.jar:/Users/xuyenauto/.m2/repository/org/neo4j/neo4j-io/2.3.3/neo4j-io-2.3.3.jar:/Users/xuyenauto/.m2/repository/org/neo4j/neo4j-csv/2.3.3/neo4j-csv-2.3.3.jar:/Users/xuyenauto/.m2/repository/org/neo4j/neo4j-logging/2.3.3/neo4j-logging-2.3.3.jar:/Users/xuyenauto/.m2/repository/org/neo4j/server-api/2.3.3/server-api-2.3.3.jar:/Users/xuyenauto/.m2/repository/org/neo4j/3rdparty/javax/ws/rs/jsr311-api/1.1.2.r612/jsr311-api-1.1.2.r612.jar:/Users/xuyenauto/.m2/repository/org/neo4j/neo4j-cypher/2.3.3/neo4j-cypher-2.3.3.jar:/Users/xuyenauto/.m2/repository/org/scala-lang/scala-library/2.11.7/scala-library-2.11.7.jar:/Users/xuyenauto/.m2/repository/org/scala-lang/scala-reflect/2.11.7/scala-reflect-2.11.7.jar:/Users/xuyenauto/.m2/repository/org/scala-lang/modules/scala-parser-combinators_2.11/1.0.4/scala-parser-combinators_2.11-1.0.4.jar:/Users/xuyenauto/.m2/repository/org/neo4j/neo4j-codegen/2.3.3/neo4j-codegen-2.3.3.jar:/Users/xuyenauto/.m2/repository/org/neo4j/neo4j-cypher-compiler-1.9_2.11/2.0.5/neo4j-cypher-compiler-1.9_2.11-2.0.5.jar:/Users/xuyenauto/.m2/repository/org/neo4j/neo4j-cypher-compiler-2.2_2.11/2.2.6/neo4j-cypher-compiler-2.2_2.11-2.2.6.jar:/Users/xuyenauto/.m2/repository/org/neo4j/neo4j-cypher-compiler-2.3/2.3.3/neo4j-cypher-compiler-2.3-2.3.3.jar:/Users/xuyenauto/.m2/repository/org/neo4j/neo4j-cypher-frontend-2.3/2.3.3/neo4j-cypher-frontend-2.3-2.3.3.jar:/Users/xuyenauto/.m2/repository/org/parboiled/parboiled-scala_2.11/1.1.7/parboiled-scala_2.11-1.1.7.jar:/Users/xuyenauto/.m2/repository/org/parboiled/parboiled-core/1.1.7/parboiled-core-1.1.7.jar:/Users/xuyenauto/.m2/repository/net/sf/opencsv/opencsv/2.3/opencsv-2.3.jar:/Users/xuyenauto/.m2/repository/com/googlecode/concurrentlinkedhashmap/concurrentlinkedhashmap-lru/1.4.2/concurrentlinkedhashmap-lru-1.4.2.jar:/Users/xuyenauto/.m2/repository/org/neo4j/app/neo4j-browser/2.3.3/neo4j-browser-2.3.3.jar:/Users/xuyenauto/.m2/repository/org/neo4j/neo4j-shell/2.3.3/neo4j-shell-2.3.3.jar:/Users/xuyenauto/.m2/repository/jline/jline/2.12/jline-2.12.jar:/Users/xuyenauto/.m2/repository/org/eclipse/jetty/jetty-server/9.2.9.v20150224/jetty-server-9.2.9.v20150224.jar:/Users/xuyenauto/.m2/repository/org/eclipse/jetty/jetty-webapp/9.2.9.v20150224/jetty-webapp-9.2.9.v20150224.jar:/Users/xuyenauto/.m2/repository/org/eclipse/jetty/jetty-xml/9.2.9.v20150224/jetty-xml-9.2.9.v20150224.jar:/Users/xuyenauto/.m2/repository/org/eclipse/jetty/jetty-servlet/9.2.9.v20150224/jetty-servlet-9.2.9.v20150224.jar:/Users/xuyenauto/.m2/repository/org/eclipse/jetty/jetty-security/9.2.9.v20150224/jetty-security-9.2.9.v20150224.jar:/Users/xuyenauto/.m2/repository/com/sun/jersey/jersey-server/1.19/jersey-server-1.19.jar:/Users/xuyenauto/.m2/repository/com/sun/jersey/jersey-servlet/1.19/jersey-servlet-1.19.jar:/Users/xuyenauto/.m2/repository/commons-configuration/commons-configuration/1.10/commons-configuration-1.10.jar:/Users/xuyenauto/.m2/repository/io/netty/netty-all/4.0.28.Final/netty-all-4.0.28.Final.jar:/Users/xuyenauto/.m2/repository/commons-digester/commons-digester/2.1/commons-digester-2.1.jar:/Users/xuyenauto/.m2/repository/org/rrd4j/rrd4j/2.2/rrd4j-2.2.jar:/Users/xuyenauto/.m2/repository/org/mozilla/rhino/1.7R4/rhino-1.7R4.jar:/Users/xuyenauto/.m2/repository/org/bouncycastle/bcprov-jdk15on/1.52/bcprov-jdk15on-1.52.jar:/Users/xuyenauto/.m2/repository/org/bouncycastle/bcpkix-jdk15on/1.52/bcpkix-jdk15on-1.52.jar:/Users/xuyenauto/.m2/repository/com/sun/jersey/contribs/jersey-multipart/1.19/jersey-multipart-1.19.jar:/Users/xuyenauto/.m2/repository/org/jvnet/mimepull/mimepull/1.9.3/mimepull-1.9.3.jar:/Users/xuyenauto/.m2/repository/org/neo4j/app/neo4j-server/2.3.3/neo4j-server-2.3.3-static-web.jar:/Users/xuyenauto/.m2/repository/com/sun/jersey/jersey-json/1.19/jersey-json-1.19.jar:/Users/xuyenauto/.m2/repository/org/codehaus/jettison/jettison/1.1/jettison-1.1.jar:/Users/xuyenauto/.m2/repository/com/sun/jersey/jersey-core/1.19/jersey-core-1.19.jar:/Users/xuyenauto/.m2/repository/javax/ws/rs/jsr311-api/1.1.1/jsr311-api-1.1.1.jar:/Users/xuyenauto/.m2/repository/org/codehaus/jackson/jackson-jaxrs/1.9.7/jackson-jaxrs-1.9.7.jar:/Users/xuyenauto/.m2/repository/org/codehaus/jackson/jackson-xc/1.9.7/jackson-xc-1.9.7.jar:/Users/xuyenauto/.m2/repository/com/buschmais/jqassistant/plugin/jqassistant.plugin.java/1.2.0-SNAPSHOT/jqassistant.plugin.java-1.2.0-SNAPSHOT.jar:/Users/xuyenauto/.m2/repository/org/ow2/asm/asm/5.1/asm-5.1.jar:/Users/xuyenauto/.m2/repository/org/ow2/asm/asm-util/5.1/asm-util-5.1.jar:/Users/xuyenauto/.m2/repository/org/ow2/asm/asm-tree/5.1/asm-tree-5.1.jar:/Users/xuyenauto/.m2/repository/com/buschmais/jqassistant/plugin/jqassistant.plugin.common/1.2.0-SNAPSHOT/jqassistant.plugin.common-1.2.0-SNAPSHOT.jar:/Users/xuyenauto/.m2/repository/com/buschmais/jqassistant/core/jqassistant.core.store/1.2.0-SNAPSHOT/jqassistant.core.store-1.2.0-SNAPSHOT.jar:/Users/xuyenauto/.m2/repository/com/buschmais/xo/xo.neo4j/0.6.1/xo.neo4j-0.6.1.jar:/Users/xuyenauto/.m2/repository/com/buschmais/xo/xo.api/0.6.1/xo.api-0.6.1.jar:/Users/xuyenauto/.m2/repository/javax/validation/validation-api/1.1.0.Final/validation-api-1.1.0.Final.jar:/Users/xuyenauto/.m2/repository/com/buschmais/xo/xo.spi/0.6.1/xo.spi-0.6.1.jar:/Users/xuyenauto/.m2/repository/com/buschmais/xo/xo.impl/0.6.1/xo.impl-0.6.1.jar:/Users/xuyenauto/.m2/repository/org/neo4j/neo4j/2.3.1/neo4j-2.3.1.jar:/Users/xuyenauto/.m2/repository/com/buschmais/jqassistant/plugin/jqassistant.plugin.junit/1.2.0-SNAPSHOT/jqassistant.plugin.junit-1.2.0-SNAPSHOT.jar:/Users/xuyenauto/.m2/repository/com/buschmais/jqassistant/plugin/jqassistant.plugin.xml/1.2.0-SNAPSHOT/jqassistant.plugin.xml-1.2.0-SNAPSHOT.jar:/Users/xuyenauto/.m2/repository/com/buschmais/jqassistant/plugin/jqassistant.plugin.maven3/1.2.0-SNAPSHOT/jqassistant.plugin.maven3-1.2.0-SNAPSHOT.jar:/Users/xuyenauto/.m2/repository/org/apache/maven/maven-plugin-api/3.2.5/maven-plugin-api-3.2.5.jar:/Users/xuyenauto/.m2/repository/org/apache/maven/maven-model/3.2.5/maven-model-3.2.5.jar:/Users/xuyenauto/.m2/repository/org/eclipse/sisu/org.eclipse.sisu.plexus/0.3.0.M1/org.eclipse.sisu.plexus-0.3.0.M1.jar:/Users/xuyenauto/.m2/repository/javax/enterprise/cdi-api/1.0/cdi-api-1.0.jar:/Users/xuyenauto/.m2/repository/javax/annotation/jsr250-api/1.0/jsr250-api-1.0.jar:/Users/xuyenauto/.m2/repository/org/eclipse/sisu/org.eclipse.sisu.inject/0.3.0.M1/org.eclipse.sisu.inject-0.3.0.M1.jar:/Users/xuyenauto/.m2/repository/org/apache/maven/maven-core/3.2.5/maven-core-3.2.5.jar:/Users/xuyenauto/.m2/repository/org/apache/maven/maven-settings/3.2.5/maven-settings-3.2.5.jar:/Users/xuyenauto/.m2/repository/org/apache/maven/maven-settings-builder/3.2.5/maven-settings-builder-3.2.5.jar:/Users/xuyenauto/.m2/repository/org/apache/maven/maven-repository-metadata/3.2.5/maven-repository-metadata-3.2.5.jar:/Users/xuyenauto/.m2/repository/org/apache/maven/maven-model-builder/3.2.5/maven-model-builder-3.2.5.jar:/Users/xuyenauto/.m2/repository/org/apache/maven/maven-aether-provider/3.2.5/maven-aether-provider-3.2.5.jar:/Users/xuyenauto/.m2/repository/org/eclipse/aether/aether-spi/1.0.0.v20140518/aether-spi-1.0.0.v20140518.jar:/Users/xuyenauto/.m2/repository/org/eclipse/aether/aether-impl/1.0.0.v20140518/aether-impl-1.0.0.v20140518.jar:/Users/xuyenauto/.m2/repository/org/eclipse/aether/aether-api/1.0.0.v20140518/aether-api-1.0.0.v20140518.jar:/Users/xuyenauto/.m2/repository/org/eclipse/aether/aether-util/1.0.0.v20140518/aether-util-1.0.0.v20140518.jar:/Users/xuyenauto/.m2/repository/org/sonatype/sisu/sisu-guice/3.2.3/sisu-guice-3.2.3-no_aop.jar:/Users/xuyenauto/.m2/repository/javax/inject/javax.inject/1/javax.inject-1.jar:/Users/xuyenauto/.m2/repository/aopalliance/aopalliance/1.0/aopalliance-1.0.jar:/Users/xuyenauto/.m2/repository/org/codehaus/plexus/plexus-interpolation/1.21/plexus-interpolation-1.21.jar:/Users/xuyenauto/.m2/repository/org/codehaus/plexus/plexus-classworlds/2.5.2/plexus-classworlds-2.5.2.jar:/Users/xuyenauto/.m2/repository/org/codehaus/plexus/plexus-component-annotations/1.5.5/plexus-component-annotations-1.5.5.jar:/Users/xuyenauto/.m2/repository/org/sonatype/plexus/plexus-sec-dispatcher/1.3/plexus-sec-dispatcher-1.3.jar:/Users/xuyenauto/.m2/repository/org/sonatype/plexus/plexus-cipher/1.4/plexus-cipher-1.4.jar:/Users/xuyenauto/.m2/repository/org/apache/maven/maven-artifact/3.2.5/maven-artifact-3.2.5.jar:/Users/xuyenauto/.m2/repository/org/apache/maven/maven-project/2.2.1/maven-project-2.2.1.jar:/Users/xuyenauto/.m2/repository/org/apache/maven/maven-profile/2.2.1/maven-profile-2.2.1.jar:/Users/xuyenauto/.m2/repository/org/apache/maven/maven-artifact-manager/2.2.1/maven-artifact-manager-2.2.1.jar:/Users/xuyenauto/.m2/repository/org/apache/maven/wagon/wagon-provider-api/1.0-beta-6/wagon-provider-api-1.0-beta-6.jar:/Users/xuyenauto/.m2/repository/backport-util-concurrent/backport-util-concurrent/3.1/backport-util-concurrent-3.1.jar:/Users/xuyenauto/.m2/repository/org/apache/maven/maven-plugin-registry/2.2.1/maven-plugin-registry-2.2.1.jar:/Users/xuyenauto/.m2/repository/org/codehaus/plexus/plexus-container-default/1.0-alpha-9-stable-1/plexus-container-default-1.0-alpha-9-stable-1.jar:/Users/xuyenauto/.m2/repository/classworlds/classworlds/1.1-alpha-2/classworlds-1.1-alpha-2.jar:/Users/xuyenauto/.m2/repository/org/apache/maven/reporting/maven-reporting-impl/2.0.5/maven-reporting-impl-2.0.5.jar:/Users/xuyenauto/.m2/repository/org/apache/maven/reporting/maven-reporting-api/3.0/maven-reporting-api-3.0.jar:/Users/xuyenauto/.m2/repository/org/apache/maven/doxia/doxia-sink-api/1.0/doxia-sink-api-1.0.jar:/Users/xuyenauto/.m2/repository/org/apache/maven/doxia/doxia-core/1.0/doxia-core-1.0.jar:/Users/xuyenauto/.m2/repository/org/apache/maven/doxia/doxia-site-renderer/1.0/doxia-site-renderer-1.0.jar:/Users/xuyenauto/.m2/repository/org/codehaus/plexus/plexus-i18n/1.0-beta-7/plexus-i18n-1.0-beta-7.jar:/Users/xuyenauto/.m2/repository/org/codehaus/plexus/plexus-velocity/1.1.7/plexus-velocity-1.1.7.jar:/Users/xuyenauto/.m2/repository/org/apache/maven/doxia/doxia-decoration-model/1.0/doxia-decoration-model-1.0.jar:/Users/xuyenauto/.m2/repository/org/apache/maven/doxia/doxia-module-apt/1.0/doxia-module-apt-1.0.jar:/Users/xuyenauto/.m2/repository/org/apache/maven/doxia/doxia-module-fml/1.0/doxia-module-fml-1.0.jar:/Users/xuyenauto/.m2/repository/org/apache/maven/doxia/doxia-module-xdoc/1.0/doxia-module-xdoc-1.0.jar:/Users/xuyenauto/.m2/repository/org/apache/maven/doxia/doxia-module-xhtml/1.0/doxia-module-xhtml-1.0.jar:/Users/xuyenauto/.m2/repository/org/apache/maven/shared/maven-doxia-tools/1.0.2/maven-doxia-tools-1.0.2.jar:/Users/xuyenauto/.m2/repository/commons-validator/commons-validator/1.2.0/commons-validator-1.2.0.jar:/Users/xuyenauto/.m2/repository/commons-beanutils/commons-beanutils/1.7.0/commons-beanutils-1.7.0.jar:/Users/xuyenauto/.m2/repository/oro/oro/2.0.8/oro-2.0.8.jar:/Users/xuyenauto/.m2/repository/com/googlecode/slf4j-maven-plugin-log/slf4j-maven-plugin-log/1.0.0/slf4j-maven-plugin-log-1.0.0.jar:/Users/xuyenauto/.m2/repository/org/apache/poi/poi/3.17/poi-3.17.jar:/Users/xuyenauto/.m2/repository/org/apache/commons/commons-collections4/4.1/commons-collections4-4.1.jar:/Users/xuyenauto/.m2/repository/org/apache/poi/poi-ooxml/3.17/poi-ooxml-3.17.jar:/Users/xuyenauto/.m2/repository/org/apache/poi/poi-ooxml-schemas/3.17/poi-ooxml-schemas-3.17.jar:/Users/xuyenauto/.m2/repository/com/github/virtuald/curvesapi/1.04/curvesapi-1.04.jar:/Users/xuyenauto/.m2/repository/xml-apis/xml-apis/1.4.01/xml-apis-1.4.01.jar:/Users/xuyenauto/.m2/repository/org/apache/xmlbeans/xmlbeans/2.4.0/xmlbeans-2.4.0.jar:/Users/xuyenauto/.m2/repository/stax/stax-api/1.0.1/stax-api-1.0.1.jar:/Users/xuyenauto/.m2/repository/org/apache/httpcomponents/httpclient/4.5.5/httpclient-4.5.5.jar:/Users/xuyenauto/.m2/repository/org/apache/maven/surefire/surefire-testng-utils/2.20.1/surefire-testng-utils-2.20.1.jar:/Users/xuyenauto/.m2/repository/org/apache/maven/surefire/surefire-grouper/2.20.1/surefire-grouper-2.20.1.jar:"/>
    <property name="java.vm.vendor" value="Oracle Corporation"/>
    <property name="sun.arch.data.model" value="64"/>
    <property name="java.vendor.url" value="http://java.oracle.com/"/>
    <property name="user.timezone" value=""/>
    <property name="java.vm.specification.version" value="1.8"/>
    <property name="os.name" value="Mac OS X"/>
    <property name="user.country" value="US"/>
    <property name="sun.java.launcher" value="SUN_STANDARD"/>
    <property name="sun.boot.library.path" value="/Library/Java/JavaVirtualMachines/jdk1.8.0_131.jdk/Contents/Home/jre/lib"/>
    <property name="sun.java.command" value="/Users/xuyenauto/Documents/Xuyen/Build framework/target/surefire/surefirebooter1413557211231553267.jar /Users/xuyenauto/Documents/Xuyen/Build framework/target/surefire 2018-08-01T22-08-11_802-jvmRun1 surefire6543034181054176396tmp surefire_01315474596787124123tmp"/>
    <property name="http.nonProxyHosts" value="local|*.local|169.254/16|*.169.254/16"/>
    <property name="surefire.test.class.path" value="/Users/xuyenauto/Documents/Xuyen/Build framework/target/test-classes:/Users/xuyenauto/Documents/Xuyen/Build framework/target/classes:/Users/xuyenauto/.m2/repository/io/github/bonigarcia/webdrivermanager/1.6.2/webdrivermanager-1.6.2.jar:/Users/xuyenauto/.m2/repository/org/slf4j/slf4j-api/1.7.24/slf4j-api-1.7.24.jar:/Users/xuyenauto/.m2/repository/commons-io/commons-io/2.5/commons-io-2.5.jar:/Users/xuyenauto/.m2/repository/com/typesafe/config/1.2.1/config-1.2.1.jar:/Users/xuyenauto/.m2/repository/org/apache/commons/commons-lang3/3.5/commons-lang3-3.5.jar:/Users/xuyenauto/.m2/repository/org/rauschig/jarchivelib/0.7.1/jarchivelib-0.7.1.jar:/Users/xuyenauto/.m2/repository/org/apache/commons/commons-compress/1.9/commons-compress-1.9.jar:/Users/xuyenauto/.m2/repository/org/jsoup/jsoup/1.10.2/jsoup-1.10.2.jar:/Users/xuyenauto/.m2/repository/com/google/guava/guava/21.0/guava-21.0.jar:/Users/xuyenauto/.m2/repository/commons-codec/commons-codec/1.10/commons-codec-1.10.jar:/Users/xuyenauto/.m2/repository/org/assertj/assertj-core/3.8.0/assertj-core-3.8.0.jar:/Users/xuyenauto/.m2/repository/org/assertj/assertj-db/1.2.0/assertj-db-1.2.0.jar:/Users/xuyenauto/.m2/repository/info/cukes/cucumber-java/1.2.5/cucumber-java-1.2.5.jar:/Users/xuyenauto/.m2/repository/info/cukes/cucumber-core/1.2.5/cucumber-core-1.2.5.jar:/Users/xuyenauto/.m2/repository/info/cukes/cucumber-html/0.2.3/cucumber-html-0.2.3.jar:/Users/xuyenauto/.m2/repository/info/cukes/cucumber-jvm-deps/1.0.5/cucumber-jvm-deps-1.0.5.jar:/Users/xuyenauto/.m2/repository/info/cukes/gherkin/2.12.2/gherkin-2.12.2.jar:/Users/xuyenauto/.m2/repository/info/cukes/cucumber-testng/1.2.5/cucumber-testng-1.2.5.jar:/Users/xuyenauto/.m2/repository/org/seleniumhq/selenium/selenium-java/3.4.0/selenium-java-3.4.0.jar:/Users/xuyenauto/.m2/repository/org/seleniumhq/selenium/selenium-api/3.4.0/selenium-api-3.4.0.jar:/Users/xuyenauto/.m2/repository/org/seleniumhq/selenium/selenium-chrome-driver/3.4.0/selenium-chrome-driver-3.4.0.jar:/Users/xuyenauto/.m2/repository/org/seleniumhq/selenium/selenium-edge-driver/3.4.0/selenium-edge-driver-3.4.0.jar:/Users/xuyenauto/.m2/repository/org/seleniumhq/selenium/selenium-firefox-driver/3.4.0/selenium-firefox-driver-3.4.0.jar:/Users/xuyenauto/.m2/repository/org/seleniumhq/selenium/selenium-ie-driver/3.4.0/selenium-ie-driver-3.4.0.jar:/Users/xuyenauto/.m2/repository/org/seleniumhq/selenium/selenium-opera-driver/3.4.0/selenium-opera-driver-3.4.0.jar:/Users/xuyenauto/.m2/repository/org/seleniumhq/selenium/selenium-remote-driver/3.4.0/selenium-remote-driver-3.4.0.jar:/Users/xuyenauto/.m2/repository/org/seleniumhq/selenium/selenium-safari-driver/3.4.0/selenium-safari-driver-3.4.0.jar:/Users/xuyenauto/.m2/repository/org/seleniumhq/selenium/selenium-support/3.4.0/selenium-support-3.4.0.jar:/Users/xuyenauto/.m2/repository/cglib/cglib-nodep/3.2.4/cglib-nodep-3.2.4.jar:/Users/xuyenauto/.m2/repository/org/apache/commons/commons-exec/1.3/commons-exec-1.3.jar:/Users/xuyenauto/.m2/repository/commons-logging/commons-logging/1.2/commons-logging-1.2.jar:/Users/xuyenauto/.m2/repository/org/w3c/css/sac/1.3/sac-1.3.jar:/Users/xuyenauto/.m2/repository/net/sourceforge/cssparser/cssparser/0.9.22/cssparser-0.9.22.jar:/Users/xuyenauto/.m2/repository/org/hamcrest/hamcrest-core/1.3/hamcrest-core-1.3.jar:/Users/xuyenauto/.m2/repository/net/sourceforge/htmlunit/htmlunit/2.26/htmlunit-2.26.jar:/Users/xuyenauto/.m2/repository/net/sourceforge/htmlunit/htmlunit-core-js/2.26/htmlunit-core-js-2.26.jar:/Users/xuyenauto/.m2/repository/net/sourceforge/htmlunit/neko-htmlunit/2.25/neko-htmlunit-2.25.jar:/Users/xuyenauto/.m2/repository/org/apache/httpcomponents/httpcore/4.4.6/httpcore-4.4.6.jar:/Users/xuyenauto/.m2/repository/org/apache/httpcomponents/httpmime/4.5.3/httpmime-4.5.3.jar:/Users/xuyenauto/.m2/repository/org/eclipse/jetty/jetty-io/9.4.1.v20170120/jetty-io-9.4.1.v20170120.jar:/Users/xuyenauto/.m2/repository/org/eclipse/jetty/jetty-util/9.4.1.v20170120/jetty-util-9.4.1.v20170120.jar:/Users/xuyenauto/.m2/repository/net/java/dev/jna/jna/4.1.0/jna-4.1.0.jar:/Users/xuyenauto/.m2/repository/net/java/dev/jna/jna-platform/4.1.0/jna-platform-4.1.0.jar:/Users/xuyenauto/.m2/repository/com/codeborne/phantomjsdriver/1.4.0/phantomjsdriver-1.4.0.jar:/Users/xuyenauto/.m2/repository/org/seleniumhq/selenium/htmlunit-driver/2.26/htmlunit-driver-2.26.jar:/Users/xuyenauto/.m2/repository/javax/servlet/javax.servlet-api/3.1.0/javax.servlet-api-3.1.0.jar:/Users/xuyenauto/.m2/repository/org/eclipse/jetty/websocket/websocket-api/9.4.3.v20170317/websocket-api-9.4.3.v20170317.jar:/Users/xuyenauto/.m2/repository/org/eclipse/jetty/websocket/websocket-client/9.4.3.v20170317/websocket-client-9.4.3.v20170317.jar:/Users/xuyenauto/.m2/repository/org/eclipse/jetty/jetty-client/9.4.3.v20170317/jetty-client-9.4.3.v20170317.jar:/Users/xuyenauto/.m2/repository/org/eclipse/jetty/jetty-http/9.4.3.v20170317/jetty-http-9.4.3.v20170317.jar:/Users/xuyenauto/.m2/repository/org/eclipse/jetty/websocket/websocket-common/9.4.3.v20170317/websocket-common-9.4.3.v20170317.jar:/Users/xuyenauto/.m2/repository/xalan/serializer/2.7.2/serializer-2.7.2.jar:/Users/xuyenauto/.m2/repository/xalan/xalan/2.7.2/xalan-2.7.2.jar:/Users/xuyenauto/.m2/repository/xerces/xercesImpl/2.11.0/xercesImpl-2.11.0.jar:/Users/xuyenauto/.m2/repository/org/testng/testng/6.11/testng-6.11.jar:/Users/xuyenauto/.m2/repository/com/beust/jcommander/1.64/jcommander-1.64.jar:/Users/xuyenauto/.m2/repository/org/yaml/snakeyaml/1.17/snakeyaml-1.17.jar:/Users/xuyenauto/.m2/repository/log4j/log4j/1.2.17/log4j-1.2.17.jar:/Users/xuyenauto/.m2/repository/com/jayway/restassured/rest-assured/2.9.1-SNAPSHOT/rest-assured-2.9.1-SNAPSHOT.jar:/Users/xuyenauto/.m2/repository/org/codehaus/groovy/groovy/2.4.6/groovy-2.4.6.jar:/Users/xuyenauto/.m2/repository/org/codehaus/groovy/groovy-xml/2.4.6/groovy-xml-2.4.6.jar:/Users/xuyenauto/.m2/repository/org/hamcrest/hamcrest-library/1.3/hamcrest-library-1.3.jar:/Users/xuyenauto/.m2/repository/org/ccil/cowan/tagsoup/tagsoup/1.2.1/tagsoup-1.2.1.jar:/Users/xuyenauto/.m2/repository/com/jayway/restassured/json-path/2.9.1-SNAPSHOT/json-path-2.9.1-SNAPSHOT.jar:/Users/xuyenauto/.m2/repository/org/codehaus/groovy/groovy-json/2.4.6/groovy-json-2.4.6.jar:/Users/xuyenauto/.m2/repository/com/jayway/restassured/rest-assured-common/2.9.1-SNAPSHOT/rest-assured-common-2.9.1-SNAPSHOT.jar:/Users/xuyenauto/.m2/repository/com/jayway/restassured/xml-path/2.9.1-SNAPSHOT/xml-path-2.9.1-SNAPSHOT.jar:/Users/xuyenauto/.m2/repository/net/masterthought/cucumber-reporting/3.10.0/cucumber-reporting-3.10.0.jar:/Users/xuyenauto/.m2/repository/org/apache/logging/log4j/log4j-api/2.8.2/log4j-api-2.8.2.jar:/Users/xuyenauto/.m2/repository/org/apache/logging/log4j/log4j-core/2.8.2/log4j-core-2.8.2.jar:/Users/xuyenauto/.m2/repository/org/apache/velocity/velocity/1.7/velocity-1.7.jar:/Users/xuyenauto/.m2/repository/commons-collections/commons-collections/3.2.1/commons-collections-3.2.1.jar:/Users/xuyenauto/.m2/repository/commons-lang/commons-lang/2.4/commons-lang-2.4.jar:/Users/xuyenauto/.m2/repository/velocity-tools/velocity-tools/1.4/velocity-tools-1.4.jar:/Users/xuyenauto/.m2/repository/joda-time/joda-time/2.9.9/joda-time-2.9.9.jar:/Users/xuyenauto/.m2/repository/net/lingala/zip4j/zip4j/1.3.2/zip4j-1.3.2.jar:/Users/xuyenauto/.m2/repository/org/codehaus/plexus/plexus-utils/3.0.24/plexus-utils-3.0.24.jar:/Users/xuyenauto/.m2/repository/com/googlecode/owasp-java-html-sanitizer/owasp-java-html-sanitizer/20170515.1/owasp-java-html-sanitizer-20170515.1.jar:/Users/xuyenauto/.m2/repository/com/googlecode/json-simple/json-simple/1.1.1/json-simple-1.1.1.jar:/Users/xuyenauto/.m2/repository/org/codehaus/jackson/jackson-mapper-asl/1.9.13/jackson-mapper-asl-1.9.13.jar:/Users/xuyenauto/.m2/repository/org/codehaus/jackson/jackson-core-asl/1.9.13/jackson-core-asl-1.9.13.jar:/Users/xuyenauto/.m2/repository/com/fasterxml/jackson/core/jackson-databind/2.4.6/jackson-databind-2.4.6.jar:/Users/xuyenauto/.m2/repository/com/fasterxml/jackson/core/jackson-annotations/2.4.0/jackson-annotations-2.4.0.jar:/Users/xuyenauto/.m2/repository/com/fasterxml/jackson/core/jackson-core/2.4.6/jackson-core-2.4.6.jar:/Users/xuyenauto/.m2/repository/com/google/code/gson/gson/2.8.1/gson-2.8.1.jar:/Users/xuyenauto/.m2/repository/junit/junit/4.11/junit-4.11.jar:/Users/xuyenauto/.m2/repository/com/buschmais/jqassistant/scm/jqassistant-maven-plugin/1.2.0-SNAPSHOT/jqassistant-maven-plugin-1.2.0-SNAPSHOT.jar:/Users/xuyenauto/.m2/repository/com/buschmais/jqassistant/core/jqassistant.core.report/1.2.0-SNAPSHOT/jqassistant.core.report-1.2.0-SNAPSHOT.jar:/Users/xuyenauto/.m2/repository/com/buschmais/jqassistant/core/jqassistant.core.analysis/1.2.0-SNAPSHOT/jqassistant.core.analysis-1.2.0-SNAPSHOT.jar:/Users/xuyenauto/.m2/repository/com/buschmais/jqassistant/core/jqassistant.core.shared/1.2.0-SNAPSHOT/jqassistant.core.shared-1.2.0-SNAPSHOT.jar:/Users/xuyenauto/.m2/repository/org/asciidoctor/asciidoctorj/1.5.4/asciidoctorj-1.5.4.jar:/Users/xuyenauto/.m2/repository/org/jruby/jruby-core/9.0.5.0/jruby-core-9.0.5.0.jar:/Users/xuyenauto/.m2/repository/com/github/jnr/jnr-netdb/1.1.5/jnr-netdb-1.1.5.jar:/Users/xuyenauto/.m2/repository/com/github/jnr/jnr-enxio/0.10/jnr-enxio-0.10.jar:/Users/xuyenauto/.m2/repository/com/github/jnr/jnr-x86asm/1.0.2/jnr-x86asm-1.0.2.jar:/Users/xuyenauto/.m2/repository/com/github/jnr/jnr-unixsocket/0.10/jnr-unixsocket-0.10.jar:/Users/xuyenauto/.m2/repository/com/github/jnr/jnr-posix/3.0.27/jnr-posix-3.0.27.jar:/Users/xuyenauto/.m2/repository/com/github/jnr/jnr-constants/0.9.0/jnr-constants-0.9.0.jar:/Users/xuyenauto/.m2/repository/com/github/jnr/jffi/1.2.10/jffi-1.2.10.jar:/Users/xuyenauto/.m2/repository/com/github/jnr/jffi/1.2.10/jffi-1.2.10-native.jar:/Users/xuyenauto/.m2/repository/org/jruby/joni/joni/2.1.9/joni-2.1.9.jar:/Users/xuyenauto/.m2/repository/org/jruby/extras/bytelist/1.0.13/bytelist-1.0.13.jar:/Users/xuyenauto/.m2/repository/org/jruby/jcodings/jcodings/1.0.17/jcodings-1.0.17.jar:/Users/xuyenauto/.m2/repository/org/jruby/dirgra/0.3/dirgra-0.3.jar:/Users/xuyenauto/.m2/repository/com/headius/invokebinder/1.7/invokebinder-1.7.jar:/Users/xuyenauto/.m2/repository/com/headius/options/1.4/options-1.4.jar:/Users/xuyenauto/.m2/repository/com/jcraft/jzlib/1.1.3/jzlib-1.1.3.jar:/Users/xuyenauto/.m2/repository/com/martiansoftware/nailgun-server/0.9.1/nailgun-server-0.9.1.jar:/Users/xuyenauto/.m2/repository/org/jruby/jruby-stdlib/9.0.5.0/jruby-stdlib-9.0.5.0.jar:/Users/xuyenauto/.m2/repository/org/ow2/asm/asm-analysis/5.1/asm-analysis-5.1.jar:/Users/xuyenauto/.m2/repository/org/ow2/asm/asm-commons/5.1/asm-commons-5.1.jar:/Users/xuyenauto/.m2/repository/com/sun/xml/bind/jaxb-impl/2.2.8-b01/jaxb-impl-2.2.8-b01.jar:/Users/xuyenauto/.m2/repository/com/sun/xml/bind/jaxb-core/2.2.8-b01/jaxb-core-2.2.8-b01.jar:/Users/xuyenauto/.m2/repository/javax/xml/bind/jaxb-api/2.2.9/jaxb-api-2.2.9.jar:/Users/xuyenauto/.m2/repository/com/sun/istack/istack-commons-runtime/2.16/istack-commons-runtime-2.16.jar:/Users/xuyenauto/.m2/repository/com/sun/xml/fastinfoset/FastInfoset/1.2.12/FastInfoset-1.2.12.jar:/Users/xuyenauto/.m2/repository/com/buschmais/jqassistant/core/jqassistant.core.plugin/1.2.0-SNAPSHOT/jqassistant.core.plugin-1.2.0-SNAPSHOT.jar:/Users/xuyenauto/.m2/repository/com/buschmais/jqassistant/core/jqassistant.core.scanner/1.2.0-SNAPSHOT/jqassistant.core.scanner-1.2.0-SNAPSHOT.jar:/Users/xuyenauto/.m2/repository/com/buschmais/jqassistant/scm/jqassistant.scm.neo4jserver/1.2.0-SNAPSHOT/jqassistant.scm.neo4jserver-1.2.0-SNAPSHOT.jar:/Users/xuyenauto/.m2/repository/com/buschmais/jqassistant/scm/jqassistant.scm.common/1.2.0-SNAPSHOT/jqassistant.scm.common-1.2.0-SNAPSHOT.jar:/Users/xuyenauto/.m2/repository/org/neo4j/app/neo4j-server/2.3.3/neo4j-server-2.3.3.jar:/Users/xuyenauto/.m2/repository/org/neo4j/neo4j-lucene-index/2.3.3/neo4j-lucene-index-2.3.3.jar:/Users/xuyenauto/.m2/repository/org/apache/lucene/lucene-core/3.6.2/lucene-core-3.6.2.jar:/Users/xuyenauto/.m2/repository/org/neo4j/neo4j-graph-algo/2.3.3/neo4j-graph-algo-2.3.3.jar:/Users/xuyenauto/.m2/repository/org/neo4j/neo4j-udc/2.3.3/neo4j-udc-2.3.3.jar:/Users/xuyenauto/.m2/repository/org/neo4j/neo4j-graph-matching/2.3.3/neo4j-graph-matching-2.3.3.jar:/Users/xuyenauto/.m2/repository/org/neo4j/neo4j-jmx/2.3.3/neo4j-jmx-2.3.3.jar:/Users/xuyenauto/.m2/repository/org/neo4j/neo4j-consistency-check/2.3.3/neo4j-consistency-check-2.3.3.jar:/Users/xuyenauto/.m2/repository/org/neo4j/neo4j-consistency-check-legacy/2.3.3/neo4j-consistency-check-legacy-2.3.3.jar:/Users/xuyenauto/.m2/repository/org/neo4j/neo4j-kernel/2.3.3/neo4j-kernel-2.3.3.jar:/Users/xuyenauto/.m2/repository/org/neo4j/neo4j-primitive-collections/2.3.3/neo4j-primitive-collections-2.3.3.jar:/Users/xuyenauto/.m2/repository/org/neo4j/neo4j-unsafe/2.3.3/neo4j-unsafe-2.3.3.jar:/Users/xuyenauto/.m2/repository/org/neo4j/neo4j-function/2.3.3/neo4j-function-2.3.3.jar:/Users/xuyenauto/.m2/repository/org/neo4j/neo4j-io/2.3.3/neo4j-io-2.3.3.jar:/Users/xuyenauto/.m2/repository/org/neo4j/neo4j-csv/2.3.3/neo4j-csv-2.3.3.jar:/Users/xuyenauto/.m2/repository/org/neo4j/neo4j-logging/2.3.3/neo4j-logging-2.3.3.jar:/Users/xuyenauto/.m2/repository/org/neo4j/server-api/2.3.3/server-api-2.3.3.jar:/Users/xuyenauto/.m2/repository/org/neo4j/3rdparty/javax/ws/rs/jsr311-api/1.1.2.r612/jsr311-api-1.1.2.r612.jar:/Users/xuyenauto/.m2/repository/org/neo4j/neo4j-cypher/2.3.3/neo4j-cypher-2.3.3.jar:/Users/xuyenauto/.m2/repository/org/scala-lang/scala-library/2.11.7/scala-library-2.11.7.jar:/Users/xuyenauto/.m2/repository/org/scala-lang/scala-reflect/2.11.7/scala-reflect-2.11.7.jar:/Users/xuyenauto/.m2/repository/org/scala-lang/modules/scala-parser-combinators_2.11/1.0.4/scala-parser-combinators_2.11-1.0.4.jar:/Users/xuyenauto/.m2/repository/org/neo4j/neo4j-codegen/2.3.3/neo4j-codegen-2.3.3.jar:/Users/xuyenauto/.m2/repository/org/neo4j/neo4j-cypher-compiler-1.9_2.11/2.0.5/neo4j-cypher-compiler-1.9_2.11-2.0.5.jar:/Users/xuyenauto/.m2/repository/org/neo4j/neo4j-cypher-compiler-2.2_2.11/2.2.6/neo4j-cypher-compiler-2.2_2.11-2.2.6.jar:/Users/xuyenauto/.m2/repository/org/neo4j/neo4j-cypher-compiler-2.3/2.3.3/neo4j-cypher-compiler-2.3-2.3.3.jar:/Users/xuyenauto/.m2/repository/org/neo4j/neo4j-cypher-frontend-2.3/2.3.3/neo4j-cypher-frontend-2.3-2.3.3.jar:/Users/xuyenauto/.m2/repository/org/parboiled/parboiled-scala_2.11/1.1.7/parboiled-scala_2.11-1.1.7.jar:/Users/xuyenauto/.m2/repository/org/parboiled/parboiled-core/1.1.7/parboiled-core-1.1.7.jar:/Users/xuyenauto/.m2/repository/net/sf/opencsv/opencsv/2.3/opencsv-2.3.jar:/Users/xuyenauto/.m2/repository/com/googlecode/concurrentlinkedhashmap/concurrentlinkedhashmap-lru/1.4.2/concurrentlinkedhashmap-lru-1.4.2.jar:/Users/xuyenauto/.m2/repository/org/neo4j/app/neo4j-browser/2.3.3/neo4j-browser-2.3.3.jar:/Users/xuyenauto/.m2/repository/org/neo4j/neo4j-shell/2.3.3/neo4j-shell-2.3.3.jar:/Users/xuyenauto/.m2/repository/jline/jline/2.12/jline-2.12.jar:/Users/xuyenauto/.m2/repository/org/eclipse/jetty/jetty-server/9.2.9.v20150224/jetty-server-9.2.9.v20150224.jar:/Users/xuyenauto/.m2/repository/org/eclipse/jetty/jetty-webapp/9.2.9.v20150224/jetty-webapp-9.2.9.v20150224.jar:/Users/xuyenauto/.m2/repository/org/eclipse/jetty/jetty-xml/9.2.9.v20150224/jetty-xml-9.2.9.v20150224.jar:/Users/xuyenauto/.m2/repository/org/eclipse/jetty/jetty-servlet/9.2.9.v20150224/jetty-servlet-9.2.9.v20150224.jar:/Users/xuyenauto/.m2/repository/org/eclipse/jetty/jetty-security/9.2.9.v20150224/jetty-security-9.2.9.v20150224.jar:/Users/xuyenauto/.m2/repository/com/sun/jersey/jersey-server/1.19/jersey-server-1.19.jar:/Users/xuyenauto/.m2/repository/com/sun/jersey/jersey-servlet/1.19/jersey-servlet-1.19.jar:/Users/xuyenauto/.m2/repository/commons-configuration/commons-configuration/1.10/commons-configuration-1.10.jar:/Users/xuyenauto/.m2/repository/io/netty/netty-all/4.0.28.Final/netty-all-4.0.28.Final.jar:/Users/xuyenauto/.m2/repository/commons-digester/commons-digester/2.1/commons-digester-2.1.jar:/Users/xuyenauto/.m2/repository/org/rrd4j/rrd4j/2.2/rrd4j-2.2.jar:/Users/xuyenauto/.m2/repository/org/mozilla/rhino/1.7R4/rhino-1.7R4.jar:/Users/xuyenauto/.m2/repository/org/bouncycastle/bcprov-jdk15on/1.52/bcprov-jdk15on-1.52.jar:/Users/xuyenauto/.m2/repository/org/bouncycastle/bcpkix-jdk15on/1.52/bcpkix-jdk15on-1.52.jar:/Users/xuyenauto/.m2/repository/com/sun/jersey/contribs/jersey-multipart/1.19/jersey-multipart-1.19.jar:/Users/xuyenauto/.m2/repository/org/jvnet/mimepull/mimepull/1.9.3/mimepull-1.9.3.jar:/Users/xuyenauto/.m2/repository/org/neo4j/app/neo4j-server/2.3.3/neo4j-server-2.3.3-static-web.jar:/Users/xuyenauto/.m2/repository/com/sun/jersey/jersey-json/1.19/jersey-json-1.19.jar:/Users/xuyenauto/.m2/repository/org/codehaus/jettison/jettison/1.1/jettison-1.1.jar:/Users/xuyenauto/.m2/repository/com/sun/jersey/jersey-core/1.19/jersey-core-1.19.jar:/Users/xuyenauto/.m2/repository/javax/ws/rs/jsr311-api/1.1.1/jsr311-api-1.1.1.jar:/Users/xuyenauto/.m2/repository/org/codehaus/jackson/jackson-jaxrs/1.9.7/jackson-jaxrs-1.9.7.jar:/Users/xuyenauto/.m2/repository/org/codehaus/jackson/jackson-xc/1.9.7/jackson-xc-1.9.7.jar:/Users/xuyenauto/.m2/repository/com/buschmais/jqassistant/plugin/jqassistant.plugin.java/1.2.0-SNAPSHOT/jqassistant.plugin.java-1.2.0-SNAPSHOT.jar:/Users/xuyenauto/.m2/repository/org/ow2/asm/asm/5.1/asm-5.1.jar:/Users/xuyenauto/.m2/repository/org/ow2/asm/asm-util/5.1/asm-util-5.1.jar:/Users/xuyenauto/.m2/repository/org/ow2/asm/asm-tree/5.1/asm-tree-5.1.jar:/Users/xuyenauto/.m2/repository/com/buschmais/jqassistant/plugin/jqassistant.plugin.common/1.2.0-SNAPSHOT/jqassistant.plugin.common-1.2.0-SNAPSHOT.jar:/Users/xuyenauto/.m2/repository/com/buschmais/jqassistant/core/jqassistant.core.store/1.2.0-SNAPSHOT/jqassistant.core.store-1.2.0-SNAPSHOT.jar:/Users/xuyenauto/.m2/repository/com/buschmais/xo/xo.neo4j/0.6.1/xo.neo4j-0.6.1.jar:/Users/xuyenauto/.m2/repository/com/buschmais/xo/xo.api/0.6.1/xo.api-0.6.1.jar:/Users/xuyenauto/.m2/repository/javax/validation/validation-api/1.1.0.Final/validation-api-1.1.0.Final.jar:/Users/xuyenauto/.m2/repository/com/buschmais/xo/xo.spi/0.6.1/xo.spi-0.6.1.jar:/Users/xuyenauto/.m2/repository/com/buschmais/xo/xo.impl/0.6.1/xo.impl-0.6.1.jar:/Users/xuyenauto/.m2/repository/org/neo4j/neo4j/2.3.1/neo4j-2.3.1.jar:/Users/xuyenauto/.m2/repository/com/buschmais/jqassistant/plugin/jqassistant.plugin.junit/1.2.0-SNAPSHOT/jqassistant.plugin.junit-1.2.0-SNAPSHOT.jar:/Users/xuyenauto/.m2/repository/com/buschmais/jqassistant/plugin/jqassistant.plugin.xml/1.2.0-SNAPSHOT/jqassistant.plugin.xml-1.2.0-SNAPSHOT.jar:/Users/xuyenauto/.m2/repository/com/buschmais/jqassistant/plugin/jqassistant.plugin.maven3/1.2.0-SNAPSHOT/jqassistant.plugin.maven3-1.2.0-SNAPSHOT.jar:/Users/xuyenauto/.m2/repository/org/apache/maven/maven-plugin-api/3.2.5/maven-plugin-api-3.2.5.jar:/Users/xuyenauto/.m2/repository/org/apache/maven/maven-model/3.2.5/maven-model-3.2.5.jar:/Users/xuyenauto/.m2/repository/org/eclipse/sisu/org.eclipse.sisu.plexus/0.3.0.M1/org.eclipse.sisu.plexus-0.3.0.M1.jar:/Users/xuyenauto/.m2/repository/javax/enterprise/cdi-api/1.0/cdi-api-1.0.jar:/Users/xuyenauto/.m2/repository/javax/annotation/jsr250-api/1.0/jsr250-api-1.0.jar:/Users/xuyenauto/.m2/repository/org/eclipse/sisu/org.eclipse.sisu.inject/0.3.0.M1/org.eclipse.sisu.inject-0.3.0.M1.jar:/Users/xuyenauto/.m2/repository/org/apache/maven/maven-core/3.2.5/maven-core-3.2.5.jar:/Users/xuyenauto/.m2/repository/org/apache/maven/maven-settings/3.2.5/maven-settings-3.2.5.jar:/Users/xuyenauto/.m2/repository/org/apache/maven/maven-settings-builder/3.2.5/maven-settings-builder-3.2.5.jar:/Users/xuyenauto/.m2/repository/org/apache/maven/maven-repository-metadata/3.2.5/maven-repository-metadata-3.2.5.jar:/Users/xuyenauto/.m2/repository/org/apache/maven/maven-model-builder/3.2.5/maven-model-builder-3.2.5.jar:/Users/xuyenauto/.m2/repository/org/apache/maven/maven-aether-provider/3.2.5/maven-aether-provider-3.2.5.jar:/Users/xuyenauto/.m2/repository/org/eclipse/aether/aether-spi/1.0.0.v20140518/aether-spi-1.0.0.v20140518.jar:/Users/xuyenauto/.m2/repository/org/eclipse/aether/aether-impl/1.0.0.v20140518/aether-impl-1.0.0.v20140518.jar:/Users/xuyenauto/.m2/repository/org/eclipse/aether/aether-api/1.0.0.v20140518/aether-api-1.0.0.v20140518.jar:/Users/xuyenauto/.m2/repository/org/eclipse/aether/aether-util/1.0.0.v20140518/aether-util-1.0.0.v20140518.jar:/Users/xuyenauto/.m2/repository/org/sonatype/sisu/sisu-guice/3.2.3/sisu-guice-3.2.3-no_aop.jar:/Users/xuyenauto/.m2/repository/javax/inject/javax.inject/1/javax.inject-1.jar:/Users/xuyenauto/.m2/repository/aopalliance/aopalliance/1.0/aopalliance-1.0.jar:/Users/xuyenauto/.m2/repository/org/codehaus/plexus/plexus-interpolation/1.21/plexus-interpolation-1.21.jar:/Users/xuyenauto/.m2/repository/org/codehaus/plexus/plexus-classworlds/2.5.2/plexus-classworlds-2.5.2.jar:/Users/xuyenauto/.m2/repository/org/codehaus/plexus/plexus-component-annotations/1.5.5/plexus-component-annotations-1.5.5.jar:/Users/xuyenauto/.m2/repository/org/sonatype/plexus/plexus-sec-dispatcher/1.3/plexus-sec-dispatcher-1.3.jar:/Users/xuyenauto/.m2/repository/org/sonatype/plexus/plexus-cipher/1.4/plexus-cipher-1.4.jar:/Users/xuyenauto/.m2/repository/org/apache/maven/maven-artifact/3.2.5/maven-artifact-3.2.5.jar:/Users/xuyenauto/.m2/repository/org/apache/maven/maven-project/2.2.1/maven-project-2.2.1.jar:/Users/xuyenauto/.m2/repository/org/apache/maven/maven-profile/2.2.1/maven-profile-2.2.1.jar:/Users/xuyenauto/.m2/repository/org/apache/maven/maven-artifact-manager/2.2.1/maven-artifact-manager-2.2.1.jar:/Users/xuyenauto/.m2/repository/org/apache/maven/wagon/wagon-provider-api/1.0-beta-6/wagon-provider-api-1.0-beta-6.jar:/Users/xuyenauto/.m2/repository/backport-util-concurrent/backport-util-concurrent/3.1/backport-util-concurrent-3.1.jar:/Users/xuyenauto/.m2/repository/org/apache/maven/maven-plugin-registry/2.2.1/maven-plugin-registry-2.2.1.jar:/Users/xuyenauto/.m2/repository/org/codehaus/plexus/plexus-container-default/1.0-alpha-9-stable-1/plexus-container-default-1.0-alpha-9-stable-1.jar:/Users/xuyenauto/.m2/repository/classworlds/classworlds/1.1-alpha-2/classworlds-1.1-alpha-2.jar:/Users/xuyenauto/.m2/repository/org/apache/maven/reporting/maven-reporting-impl/2.0.5/maven-reporting-impl-2.0.5.jar:/Users/xuyenauto/.m2/repository/org/apache/maven/reporting/maven-reporting-api/3.0/maven-reporting-api-3.0.jar:/Users/xuyenauto/.m2/repository/org/apache/maven/doxia/doxia-sink-api/1.0/doxia-sink-api-1.0.jar:/Users/xuyenauto/.m2/repository/org/apache/maven/doxia/doxia-core/1.0/doxia-core-1.0.jar:/Users/xuyenauto/.m2/repository/org/apache/maven/doxia/doxia-site-renderer/1.0/doxia-site-renderer-1.0.jar:/Users/xuyenauto/.m2/repository/org/codehaus/plexus/plexus-i18n/1.0-beta-7/plexus-i18n-1.0-beta-7.jar:/Users/xuyenauto/.m2/repository/org/codehaus/plexus/plexus-velocity/1.1.7/plexus-velocity-1.1.7.jar:/Users/xuyenauto/.m2/repository/org/apache/maven/doxia/doxia-decoration-model/1.0/doxia-decoration-model-1.0.jar:/Users/xuyenauto/.m2/repository/org/apache/maven/doxia/doxia-module-apt/1.0/doxia-module-apt-1.0.jar:/Users/xuyenauto/.m2/repository/org/apache/maven/doxia/doxia-module-fml/1.0/doxia-module-fml-1.0.jar:/Users/xuyenauto/.m2/repository/org/apache/maven/doxia/doxia-module-xdoc/1.0/doxia-module-xdoc-1.0.jar:/Users/xuyenauto/.m2/repository/org/apache/maven/doxia/doxia-module-xhtml/1.0/doxia-module-xhtml-1.0.jar:/Users/xuyenauto/.m2/repository/org/apache/maven/shared/maven-doxia-tools/1.0.2/maven-doxia-tools-1.0.2.jar:/Users/xuyenauto/.m2/repository/commons-validator/commons-validator/1.2.0/commons-validator-1.2.0.jar:/Users/xuyenauto/.m2/repository/commons-beanutils/commons-beanutils/1.7.0/commons-beanutils-1.7.0.jar:/Users/xuyenauto/.m2/repository/oro/oro/2.0.8/oro-2.0.8.jar:/Users/xuyenauto/.m2/repository/com/googlecode/slf4j-maven-plugin-log/slf4j-maven-plugin-log/1.0.0/slf4j-maven-plugin-log-1.0.0.jar:/Users/xuyenauto/.m2/repository/org/apache/poi/poi/3.17/poi-3.17.jar:/Users/xuyenauto/.m2/repository/org/apache/commons/commons-collections4/4.1/commons-collections4-4.1.jar:/Users/xuyenauto/.m2/repository/org/apache/poi/poi-ooxml/3.17/poi-ooxml-3.17.jar:/Users/xuyenauto/.m2/repository/org/apache/poi/poi-ooxml-schemas/3.17/poi-ooxml-schemas-3.17.jar:/Users/xuyenauto/.m2/repository/com/github/virtuald/curvesapi/1.04/curvesapi-1.04.jar:/Users/xuyenauto/.m2/repository/xml-apis/xml-apis/1.4.01/xml-apis-1.4.01.jar:/Users/xuyenauto/.m2/repository/org/apache/xmlbeans/xmlbeans/2.4.0/xmlbeans-2.4.0.jar:/Users/xuyenauto/.m2/repository/stax/stax-api/1.0.1/stax-api-1.0.1.jar:/Users/xuyenauto/.m2/repository/org/apache/httpcomponents/httpclient/4.5.5/httpclient-4.5.5.jar:/Users/xuyenauto/.m2/repository/org/apache/maven/surefire/surefire-testng-utils/2.20.1/surefire-testng-utils-2.20.1.jar:/Users/xuyenauto/.m2/repository/org/apache/maven/surefire/surefire-grouper/2.20.1/surefire-grouper-2.20.1.jar:"/>
    <property name="sun.cpu.endian" value="little"/>
    <property name="user.home" value="/Users/xuyenauto"/>
    <property name="user.language" value="en"/>
    <property name="java.specification.vendor" value="Oracle Corporation"/>
    <property name="java.home" value="/Library/Java/JavaVirtualMachines/jdk1.8.0_131.jdk/Contents/Home/jre"/>
    <property name="basedir" value="/Users/xuyenauto/Documents/Xuyen/Build framework"/>
    <property name="file.separator" value="/"/>
    <property name="line.separator" value="&#10;"/>
    <property name="java.vm.specification.vendor" value="Oracle Corporation"/>
    <property name="java.specification.name" value="Java Platform API Specification"/>
    <property name="java.awt.graphicsenv" value="sun.awt.CGraphicsEnvironment"/>
    <property name="surefire.real.class.path" value="/Users/xuyenauto/Documents/Xuyen/Build framework/target/surefire/surefirebooter1413557211231553267.jar"/>
    <property name="sun.boot.class.path" value="/Library/Java/JavaVirtualMachines/jdk1.8.0_131.jdk/Contents/Home/jre/lib/resources.jar:/Library/Java/JavaVirtualMachines/jdk1.8.0_131.jdk/Contents/Home/jre/lib/rt.jar:/Library/Java/JavaVirtualMachines/jdk1.8.0_131.jdk/Contents/Home/jre/lib/sunrsasign.jar:/Library/Java/JavaVirtualMachines/jdk1.8.0_131.jdk/Contents/Home/jre/lib/jsse.jar:/Library/Java/JavaVirtualMachines/jdk1.8.0_131.jdk/Contents/Home/jre/lib/jce.jar:/Library/Java/JavaVirtualMachines/jdk1.8.0_131.jdk/Contents/Home/jre/lib/charsets.jar:/Library/Java/JavaVirtualMachines/jdk1.8.0_131.jdk/Contents/Home/jre/lib/jfr.jar:/Library/Java/JavaVirtualMachines/jdk1.8.0_131.jdk/Contents/Home/jre/classes"/>
    <property name="sun.management.compiler" value="HotSpot 64-Bit Tiered Compilers"/>
    <property name="ftp.nonProxyHosts" value="local|*.local|169.254/16|*.169.254/16"/>
    <property name="java.runtime.version" value="1.8.0_131-b11"/>
    <property name="user.name" value="XuyenTran"/>
    <property name="path.separator" value=":"/>
    <property name="os.version" value="10.12.5"/>
    <property name="java.endorsed.dirs" value="/Library/Java/JavaVirtualMachines/jdk1.8.0_131.jdk/Contents/Home/jre/lib/endorsed"/>
    <property name="java.runtime.name" value="Java(TM) SE Runtime Environment"/>
    <property name="file.encoding" value="UTF-8"/>
    <property name="java.vm.name" value="Java HotSpot(TM) 64-Bit Server VM"/>
    <property name="localRepository" value="/Users/xuyenauto/.m2/repository"/>
    <property name="java.vendor.url.bug" value="http://bugreport.sun.com/bugreport/"/>
    <property name="java.io.tmpdir" value="/var/folders/23/lh08yw7x2nng71zxpqppgsc40000gn/T/"/>
    <property name="java.version" value="1.8.0_131"/>
    <property name="user.dir" value="/Users/xuyenauto/Documents/Xuyen/Build framework"/>
    <property name="os.arch" value="x86_64"/>
    <property name="java.vm.specification.name" value="Java Virtual Machine Specification"/>
    <property name="java.awt.printerjob" value="sun.lwawt.macosx.CPrinterJob"/>
    <property name="sun.os.patch.level" value="unknown"/>
    <property name="java.library.path" value="/Users/xuyenauto/Library/Java/Extensions:/Library/Java/Extensions:/Network/Library/Java/Extensions:/System/Library/Java/Extensions:/usr/lib/java:."/>
    <property name="java.vm.info" value="mixed mode"/>
    <property name="java.vendor" value="Oracle Corporation"/>
    <property name="java.vm.version" value="25.131-b11"/>
    <property name="java.ext.dirs" value="/Users/xuyenauto/Library/Java/Extensions:/Library/Java/JavaVirtualMachines/jdk1.8.0_131.jdk/Contents/Home/jre/lib/ext:/Library/Java/Extensions:/Network/Library/Java/Extensions:/System/Library/Java/Extensions:/usr/lib/java"/>
    <property name="sun.io.unicode.encoding" value="UnicodeBig"/>
    <property name="java.class.version" value="52.0"/>
    <property name="socksNonProxyHosts" value="local|*.local|169.254/16|*.169.254/16"/>
  </properties>
</testsuite>